<?xml version="1.0" encoding="UTF-8"?>
<!-- Generated by org.testng.reporters.JUnitReportReporter -->
<testsuite skipped="0" hostname="DESKTOP-REEGCHG" name="org.mobile.mobileAssureFramework.ipaApkFileUpload" tests="1" failures="0" timestamp="06 Sep 2017 07:20:22 GMT" time="13.832" errors="0">
  <testcase name="sampleTestCase" time="13.832" classname="org.mobile.mobileAssureFramework.ipaApkFileUpload"/>
</testsuite> <!-- org.mobile.mobileAssureFramework.ipaApkFileUpload -->
