<?xml version="1.0" encoding="UTF-8"?>
<!-- Generated by org.testng.reporters.JUnitReportReporter -->
<testsuite hostname="DESKTOP-REEGCHG" name="org.mobile.mobileAssureFramework.PreferredDealer" tests="1" failures="0" timestamp="15 Sep 2016 22:48:56 GMT" time="74.520" errors="0">
  <testcase name="sampleTestCase" time="74.520" classname="org.mobile.mobileAssureFramework.PreferredDealer"/>
</testsuite> <!-- org.mobile.mobileAssureFramework.PreferredDealer -->
