<?xml version="1.0" encoding="UTF-8"?>
<!-- Generated by org.testng.reporters.JUnitReportReporter -->
<testsuite skipped="0" hostname="DESKTOP-REEGCHG" name="org.mobile.mobileAssureFramework.ReportiumTest" tests="1" failures="0" timestamp="13 Oct 2017 19:55:44 GMT" time="0.146" errors="0">
  <testcase name="sampleTestCase" time="0.146" classname="org.mobile.mobileAssureFramework.ReportiumTest"/>
</testsuite> <!-- org.mobile.mobileAssureFramework.ReportiumTest -->
