<?xml version="1.0" encoding="UTF-8"?>
<!-- Generated by org.testng.reporters.JUnitReportReporter -->
<testsuite hostname="DESKTOP-REEGCHG" name="org.mobile.mobileAssureFramework.PerfectoOpt" tests="1" failures="0" timestamp="13 Sep 2016 17:50:42 GMT" time="87.986" errors="0">
  <testcase name="sampleTestCase" time="87.986" classname="org.mobile.mobileAssureFramework.PerfectoOpt"/>
</testsuite> <!-- org.mobile.mobileAssureFramework.PerfectoOpt -->
