<?xml version="1.0" encoding="UTF-8"?>
<!-- Generated by org.testng.reporters.JUnitReportReporter -->
<testsuite hostname="DESKTOP-REEGCHG" name="org.mobile.tests.demoTestCase2" tests="1" failures="0" timestamp="7 Sep 2016 18:27:27 GMT" time="83.467" errors="0">
  <testcase name="sampleTestCase" time="83.467" classname="org.mobile.tests.demoTestCase2"/>
</testsuite> <!-- org.mobile.tests.demoTestCase2 -->
