<?xml version="1.0" encoding="UTF-8"?>
<!-- Generated by org.testng.reporters.JUnitReportReporter -->
<testsuite hostname="DESKTOP-REEGCHG" name="org.mobile.mobileAssureFramework.TC_04_KeyFob_Lock" tests="1" failures="0" timestamp="15 Sep 2016 06:10:43 GMT" time="104.058" errors="0">
  <testcase name="TC_KeyFob_Lock" time="104.058" classname="org.mobile.mobileAssureFramework.TC_04_KeyFob_Lock"/>
</testsuite> <!-- org.mobile.mobileAssureFramework.TC_04_KeyFob_Lock -->
