<?xml version="1.0" encoding="UTF-8"?>
<!-- Generated by org.testng.reporters.JUnitReportReporter -->
<testsuite skipped="0" hostname="DESKTOP-REEGCHG" name="org.mobile.mobileAssureFramework.DIRECTtests" tests="1" failures="0" timestamp="07 Aug 2018 16:06:15 GMT" time="21.826" errors="0">
  <testcase name="DIRECTVsampleTestCase" time="21.826" classname="org.mobile.mobileAssureFramework.DIRECTtests"/>
</testsuite> <!-- org.mobile.mobileAssureFramework.DIRECTtests -->
