<?xml version="1.0" encoding="UTF-8"?>
<!-- Generated by org.testng.reporters.JUnitReportReporter -->
<testsuite skipped="0" hostname="DESKTOP-REEGCHG" name="org.mobile.mobileAssureFramework.RBCSampleTest" tests="1" failures="0" timestamp="16 May 2018 21:50:38 GMT" time="25.810" errors="0">
  <testcase name="sampleTestCase" time="25.810" classname="org.mobile.mobileAssureFramework.RBCSampleTest"/>
</testsuite> <!-- org.mobile.mobileAssureFramework.RBCSampleTest -->
