<?xml version="1.0" encoding="UTF-8"?>
<!-- Generated by org.testng.reporters.JUnitReportReporter -->
<testsuite name="org.mobile.mobileAssureFramework.Kohl_AppInstallation" tests="1" time="0.474" ignored="0" failures="0" timestamp="17 Jan 2017 19:08:54 GMT" skipped="0" hostname="DESKTOP-REEGCHG" errors="0">
  <testcase name="sampleTestCase" time="0.474" classname="org.mobile.mobileAssureFramework.Kohl_AppInstallation"/>
</testsuite> <!-- org.mobile.mobileAssureFramework.Kohl_AppInstallation -->
