<?xml version="1.0" encoding="UTF-8"?>
<!-- Generated by org.testng.reporters.JUnitReportReporter -->
<testsuite hostname="DESKTOP-REEGCHG" name="org.mobile.mobileAssureFramework.TC_ParkedLocation_AddNote" tests="1" failures="1" timestamp="19 Sep 2016 22:28:07 GMT" time="32.238" errors="0">
  <testcase name="TC_KeyFob_Lock" time="32.238" classname="org.mobile.mobileAssureFramework.TC_ParkedLocation_AddNote">
    <failure type="java.lang.AssertionError" message="Login Page Logo Logo head not Loaded !!!">
      <![CDATA[java.lang.AssertionError: Login Page Logo Logo head not Loaded !!!
	at org.junit.Assert.fail(Assert.java:88)
	at org.junit.Assert.assertTrue(Assert.java:41)
	at org.mobile.mobileAssureFramework.TC_ParkedLocation_AddNote.login(TC_ParkedLocation_AddNote.java:391)
	at org.mobile.mobileAssureFramework.TC_ParkedLocation_AddNote.TC_KeyFob_Lock(TC_ParkedLocation_AddNote.java:51)
	at sun.reflect.NativeMethodAccessorImpl.invoke0(Native Method)
	at sun.reflect.NativeMethodAccessorImpl.invoke(Unknown Source)
	at sun.reflect.DelegatingMethodAccessorImpl.invoke(Unknown Source)
	at java.lang.reflect.Method.invoke(Unknown Source)
	at org.testng.internal.MethodInvocationHelper.invokeMethod(MethodInvocationHelper.java:86)
	at org.testng.internal.Invoker.invokeMethod(Invoker.java:643)
	at org.testng.internal.Invoker.invokeTestMethod(Invoker.java:820)
	at org.testng.internal.Invoker.invokeTestMethods(Invoker.java:1128)
	at org.testng.internal.TestMethodWorker.invokeTestMethods(TestMethodWorker.java:129)
	at org.testng.internal.TestMethodWorker.run(TestMethodWorker.java:112)
	at org.testng.TestRunner.privateRun(TestRunner.java:782)
	at org.testng.TestRunner.run(TestRunner.java:632)
	at org.testng.SuiteRunner.runTest(SuiteRunner.java:366)
	at org.testng.SuiteRunner.access$000(SuiteRunner.java:39)
	at org.testng.SuiteRunner$SuiteWorker.run(SuiteRunner.java:400)
	at org.testng.internal.thread.ThreadUtil$2.call(ThreadUtil.java:64)
	at java.util.concurrent.FutureTask.run(Unknown Source)
	at java.util.concurrent.ThreadPoolExecutor.runWorker(Unknown Source)
	at java.util.concurrent.ThreadPoolExecutor$Worker.run(Unknown Source)
	at java.lang.Thread.run(Unknown Source)
]]>
    </failure>
  </testcase> <!-- TC_KeyFob_Lock -->
</testsuite> <!-- org.mobile.mobileAssureFramework.TC_ParkedLocation_AddNote -->
