<?xml version="1.0" encoding="UTF-8"?>
<!-- Generated by org.testng.reporters.JUnitReportReporter -->
<testsuite hostname="DESKTOP-REEGCHG" name="org.mobile.mobileAssureFramework.TC_WifiHotspot" tests="1" failures="0" timestamp="19 Sep 2016 21:52:03 GMT" time="77.223" errors="0">
  <testcase name="TC_WifiHotSpot_ONOFF" time="77.223" classname="org.mobile.mobileAssureFramework.TC_WifiHotspot"/>
</testsuite> <!-- org.mobile.mobileAssureFramework.TC_WifiHotspot -->
