<?xml version="1.0" encoding="UTF-8"?>
<!-- Generated by org.testng.reporters.JUnitReportReporter -->
<testsuite skipped="0" hostname="DESKTOP-REEGCHG" name="org.mobile.leanft.tests.LeanFtTest" tests="1" failures="0" timestamp="06 Mar 2017 17:02:45 GMT" time="2.680" errors="0">
  <testcase name="test" time="2.680" classname="org.mobile.leanft.tests.LeanFtTest"/>
</testsuite> <!-- org.mobile.leanft.tests.LeanFtTest -->
