<?xml version="1.0" encoding="UTF-8"?>
<!-- Generated by org.testng.reporters.JUnitReportReporter -->
<testsuite skipped="0" hostname="DESKTOP-REEGCHG" name="org.mobile.mobileAssureFramework.ReportiumTest" tests="2" failures="0" timestamp="23 Aug 2017 22:44:40 GMT" time="15.024" errors="0">
  <testcase name="sampleTestCase" time="8.990" classname="org.mobile.mobileAssureFramework.ReportiumTest"/>
  <testcase name="sampleTestCase2" time="6.034" classname="org.mobile.mobileAssureFramework.ReportiumTest"/>
</testsuite> <!-- org.mobile.mobileAssureFramework.ReportiumTest -->
