<?xml version="1.0" encoding="UTF-8"?>
<!-- Generated by org.testng.reporters.JUnitReportReporter -->
<testsuite hostname="DESKTOP-REEGCHG" name="org.mobile.mobileAssureFramework.mobiAssure" tests="1" failures="0" timestamp="9 Sep 2016 07:41:19 GMT" time="65.261" errors="0">
  <testcase name="sampleTestCase" time="65.261" classname="org.mobile.mobileAssureFramework.mobiAssure"/>
</testsuite> <!-- org.mobile.mobileAssureFramework.mobiAssure -->
