<?xml version="1.0" encoding="UTF-8"?>
<!-- Generated by org.testng.reporters.JUnitReportReporter -->
<testsuite skipped="0" hostname="DESKTOP-REEGCHG" name="org.mobile.mobileAssureFramework.HoneyWell_AppInstallation" tests="2" failures="0" timestamp="31 Aug 2017 05:06:22 GMT" time="0.336" errors="0">
  <testcase name="sampleTestCase" time="0.169" classname="org.mobile.mobileAssureFramework.HoneyWell_AppInstallation"/>
  <testcase name="sampleTestCase" time="0.167" classname="org.mobile.mobileAssureFramework.HoneyWell_AppInstallation"/>
</testsuite> <!-- org.mobile.mobileAssureFramework.HoneyWell_AppInstallation -->
