<?xml version="1.0" encoding="UTF-8"?>
<!-- Generated by org.testng.reporters.JUnitReportReporter -->
<testsuite skipped="0" hostname="DESKTOP-REEGCHG" name="org.mobile.mobileAssureFramework.RBCSampleTest" tests="1" failures="0" timestamp="19 Jun 2018 06:02:18 GMT" time="106.984" errors="0">
  <testcase name="sampleTestCase2" time="106.984" classname="org.mobile.mobileAssureFramework.RBCSampleTest"/>
</testsuite> <!-- org.mobile.mobileAssureFramework.RBCSampleTest -->
